<?xml version="1.0" encoding="UTF-8"?>
<!-- Generated by org.testng.reporters.JUnitXMLReporter -->
<testsuite ignored="0" hostname="DESKTOP-AJ8SMA9" failures="0" tests="6" name="Default test" time="0.285" errors="0" timestamp="2022-03-03T10:47:24 IST">
  <testcase classname="com.TestNG_Features.Data_Provider" name="credential2" time="0.02"/>
  <testcase classname="com.TestNG_Features.Data_Provider" name="credential2" time="0.014"/>
  <testcase classname="com.TestNG_Features.Data_Provider" name="credential2" time="0.006"/>
  <testcase classname="com.TestNG_Features.Data_Provider" name="credentials" time="0.008"/>
  <testcase classname="com.TestNG_Features.Data_Provider" name="credentials" time="0.022"/>
  <testcase classname="com.TestNG_Features.Data_Provider" name="credentials" time="0.007"/>
</testsuite> <!-- Default test -->
