<?xml version="1.0" encoding="UTF-8"?>
<testng-results ignored="0" total="6" passed="6" failed="0" skipped="0">
  <reporter-output>
  </reporter-output>
  <suite started-at="2022-03-03T10:47:23 IST" name="Default suite" finished-at="2022-03-03T10:47:23 IST" duration-ms="285">
    <groups>
    </groups>
    <test started-at="2022-03-03T10:47:23 IST" name="Default test" finished-at="2022-03-03T10:47:23 IST" duration-ms="285">
      <class name="com.TestNG_Features.Data_Provider">
        <test-method signature="credential2(java.lang.String,int)[pri:0, instance:com.TestNG_Features.Data_Provider@3232a28a]" started-at="2022-03-03T10:47:23 IST" name="credential2" data-provider="testData2" finished-at="2022-03-03T10:47:23 IST" duration-ms="20" status="PASS">
          <params>
            <param index="0">
              <value>
                <![CDATA[swaara]]>
              </value>
            </param>
            <param index="1">
              <value>
                <![CDATA[1254]]>
              </value>
            </param>
          </params>
          <reporter-output>
          </reporter-output>
        </test-method> <!-- credential2 -->
        <test-method signature="credential2(java.lang.String,int)[pri:0, instance:com.TestNG_Features.Data_Provider@3232a28a]" started-at="2022-03-03T10:47:23 IST" name="credential2" data-provider="testData2" finished-at="2022-03-03T10:47:23 IST" duration-ms="14" status="PASS">
          <params>
            <param index="0">
              <value>
                <![CDATA[rishi]]>
              </value>
            </param>
            <param index="1">
              <value>
                <![CDATA[1452]]>
              </value>
            </param>
          </params>
          <reporter-output>
          </reporter-output>
        </test-method> <!-- credential2 -->
        <test-method signature="credential2(java.lang.String,int)[pri:0, instance:com.TestNG_Features.Data_Provider@3232a28a]" started-at="2022-03-03T10:47:23 IST" name="credential2" data-provider="testData2" finished-at="2022-03-03T10:47:23 IST" duration-ms="6" status="PASS">
          <params>
            <param index="0">
              <value>
                <![CDATA[dhruv]]>
              </value>
            </param>
            <param index="1">
              <value>
                <![CDATA[1245]]>
              </value>
            </param>
          </params>
          <reporter-output>
          </reporter-output>
        </test-method> <!-- credential2 -->
        <test-method signature="credentials(java.lang.String,java.lang.String)[pri:0, instance:com.TestNG_Features.Data_Provider@3232a28a]" started-at="2022-03-03T10:47:23 IST" name="credentials" data-provider="testData" finished-at="2022-03-03T10:47:23 IST" duration-ms="8" status="PASS">
          <params>
            <param index="0">
              <value>
                <![CDATA[starc]]>
              </value>
            </param>
            <param index="1">
              <value>
                <![CDATA[ssr251]]>
              </value>
            </param>
          </params>
          <reporter-output>
          </reporter-output>
        </test-method> <!-- credentials -->
        <test-method signature="credentials(java.lang.String,java.lang.String)[pri:0, instance:com.TestNG_Features.Data_Provider@3232a28a]" started-at="2022-03-03T10:47:23 IST" name="credentials" data-provider="testData" finished-at="2022-03-03T10:47:23 IST" duration-ms="22" status="PASS">
          <params>
            <param index="0">
              <value>
                <![CDATA[smith]]>
              </value>
            </param>
            <param index="1">
              <value>
                <![CDATA[swr425]]>
              </value>
            </param>
          </params>
          <reporter-output>
          </reporter-output>
        </test-method> <!-- credentials -->
        <test-method signature="credentials(java.lang.String,java.lang.String)[pri:0, instance:com.TestNG_Features.Data_Provider@3232a28a]" started-at="2022-03-03T10:47:23 IST" name="credentials" data-provider="testData" finished-at="2022-03-03T10:47:23 IST" duration-ms="7" status="PASS">
          <params>
            <param index="0">
              <value>
                <![CDATA[wade]]>
              </value>
            </param>
            <param index="1">
              <value>
                <![CDATA[dhat856]]>
              </value>
            </param>
          </params>
          <reporter-output>
          </reporter-output>
        </test-method> <!-- credentials -->
      </class> <!-- com.TestNG_Features.Data_Provider -->
    </test> <!-- Default test -->
  </suite> <!-- Default suite -->
</testng-results>
